-------------------------------------------------------------------------------
Test set: Post Guru #2
-------------------------------------------------------------------------------
Tests run: 2, Failures: 1, Errors: 0, Skipped: 0, Time elapsed: 5.691 s <<< FAILURE! - in Post Guru #2
Add guru with invalid json(Post Guru #2)  Time elapsed: 3.662 s  <<< FAILURE!
java.lang.AssertionError: 
1 expectation failed.
Expected status code <400> but was <201>.


